[31m╷[0m[0m
[31m│[0m [0m[1m[31mError: [0m[0m[1mUnsupported attribute[0m
[31m│[0m [0m
[31m│[0m [0m[0m  on outputs.tf line 101, in output "ebs_csi_role_arn":
[31m│[0m [0m 101:   value       = module.irsa[4m.ebs_csi_role_arn[0m[0m
[31m│[0m [0m    [90m├────────────────[0m
[31m│[0m [0m[0m    [90m│[0m [1mmodule.irsa[0m is a object
[31m│[0m [0m[0m
[31m│[0m [0mThis object does not have an attribute named "ebs_csi_role_arn".
[31m╵[0m[0m
[31m╷[0m[0m
[31m│[0m [0m[1m[31mError: [0m[0m[1mInconsistent conditional result types[0m
[31m│[0m [0m
[31m│[0m [0m[0m  on ../terraform/logging/main.tf line 159, in resource "helm_release" "loki_stack":
[31m│[0m [0m 159:         serviceAccount = var.create_loki_service_account ? [4m{
[31m│[0m [0m 160:           create = false
[31m│[0m [0m 161:           name   = kubernetes_service_account.loki[0].metadata[0].name
[31m│[0m [0m 162:         } : {
[31m│[0m [0m 163:           create = true
[31m│[0m [0m 164:           name   = var.loki_service_account_name
[31m│[0m [0m 165:           annotations = var.loki_role_arn != null ? {
[31m│[0m [0m 166:             "eks.amazonaws.com/role-arn" = var.loki_role_arn
[31m│[0m [0m 167:           } : {}
[31m│[0m [0m 168:         }[0m[0m
[31m│[0m [0m    [90m├────────────────[0m
[31m│[0m [0m[0m    [90m│[0m [1mvar.create_loki_service_account[0m is a bool
[31m│[0m [0m[0m    [90m│[0m [1mvar.loki_role_arn[0m is a string
[31m│[0m [0m[0m    [90m│[0m [1mvar.loki_service_account_name[0m is a string
[31m│[0m [0m[0m
[31m│[0m [0mThe true and false result expressions must have consistent types. Type
[31m│[0m [0mmismatch for object attribute "name": The 'true' value is dynamic, but the
[31m│[0m [0m'false' value is string.
[31m╵[0m[0m
[31m╷[0m[0m
[31m│[0m [0m[1m[31mError: [0m[0m[1mInconsistent conditional result types[0m
[31m│[0m [0m
[31m│[0m [0m[0m  on ../terraform/logging/main.tf line 210, in resource "helm_release" "loki_stack":
[31m│[0m [0m 210:         serviceAccount = var.create_promtail_service_account ? [4m{
[31m│[0m [0m 211:           create = false
[31m│[0m [0m 212:           name   = kubernetes_service_account.promtail[0].metadata[0].name
[31m│[0m [0m 213:         } : {
[31m│[0m [0m 214:           create = true
[31m│[0m [0m 215:           name   = var.promtail_service_account_name
[31m│[0m [0m 216:           annotations = var.promtail_role_arn != null ? {
[31m│[0m [0m 217:             "eks.amazonaws.com/role-arn" = var.promtail_role_arn
[31m│[0m [0m 218:           } : {}
[31m│[0m [0m 219:         }[0m[0m
[31m│[0m [0m    [90m├────────────────[0m
[31m│[0m [0m[0m    [90m│[0m [1mvar.create_promtail_service_account[0m is a bool
[31m│[0m [0m[0m    [90m│[0m [1mvar.promtail_role_arn[0m is a string
[31m│[0m [0m[0m    [90m│[0m [1mvar.promtail_service_account_name[0m is a string
[31m│[0m [0m[0m
[31m│[0m [0mThe true and false result expressions must have consistent types. Type
[31m│[0m [0mmismatch for object attribute "name": The 'true' value is dynamic, but the
[31m│[0m [0m'false' value is string.
[31m╵[0m[0m
[31m╷[0m[0m
[31m│[0m [0m[1m[31mError: [0m[0m[1mInconsistent conditional result types[0m
[31m│[0m [0m
[31m│[0m [0m[0m  on ../terraform/logging/main.tf line 259, in resource "helm_release" "loki_stack":
[31m│[0m [0m 259:         serviceAccount = var.create_fluent_bit_service_account ? [4m{
[31m│[0m [0m 260:           create = false
[31m│[0m [0m 261:           name   = kubernetes_service_account.fluent_bit[0].metadata[0].name
[31m│[0m [0m 262:         } : {
[31m│[0m [0m 263:           create = true
[31m│[0m [0m 264:           name   = var.fluent_bit_service_account_name
[31m│[0m [0m 265:           annotations = var.fluent_bit_role_arn != null ? {
[31m│[0m [0m 266:             "eks.amazonaws.com/role-arn" = var.fluent_bit_role_arn
[31m│[0m [0m 267:           } : {}
[31m│[0m [0m 268:         }[0m[0m
[31m│[0m [0m    [90m├────────────────[0m
[31m│[0m [0m[0m    [90m│[0m [1mvar.create_fluent_bit_service_account[0m is a bool
[31m│[0m [0m[0m    [90m│[0m [1mvar.fluent_bit_role_arn[0m is a string
[31m│[0m [0m[0m    [90m│[0m [1mvar.fluent_bit_service_account_name[0m is a string
[31m│[0m [0m[0m
[31m│[0m [0mThe true and false result expressions must have consistent types. Type
[31m│[0m [0mmismatch for object attribute "name": The 'true' value is dynamic, but the
[31m│[0m [0m'false' value is string.
[31m╵[0m[0m
